<?xml version="1.0" encoding="UTF-8"?>
<!-- Generated by org.testng.reporters.JUnitXMLReporter -->
<testsuite ignored="0" hostname="DESKTOP-F52EDBA" failures="5" tests="5" name="Test1" time="71.857" errors="0" timestamp="2023-03-18T09:00:15 IST">
  <testcase classname="uiTesting.UITesting" name="url_Test" time="12.663">
    <failure type="javax.imageio.IIOException" message="Can&amp;apos;t create an ImageOutputStream!">
      <![CDATA[javax.imageio.IIOException: Can't create an ImageOutputStream!
at java.desktop/javax.imageio.ImageIO.write(ImageIO.java:1553)
at uiTesting.UITesting.url_Test(UITesting.java:71)
at java.base/java.util.ArrayList.forEach(ArrayList.java:1511)
... Removed 27 stack frames]]>
    </failure>
  </testcase> <!-- url_Test -->
  <testcase classname="uiTesting.UITesting" name="url_Test" time="19.836">
    <failure type="javax.imageio.IIOException" message="Can&amp;apos;t create an ImageOutputStream!">
      <![CDATA[javax.imageio.IIOException: Can't create an ImageOutputStream!
at java.desktop/javax.imageio.ImageIO.write(ImageIO.java:1553)
at uiTesting.UITesting.url_Test(UITesting.java:71)
at java.base/java.util.ArrayList.forEach(ArrayList.java:1511)
... Removed 27 stack frames]]>
    </failure>
  </testcase> <!-- url_Test -->
  <testcase classname="uiTesting.UITesting" name="url_Test" time="10.982">
    <failure type="javax.imageio.IIOException" message="Can&amp;apos;t create an ImageOutputStream!">
      <![CDATA[javax.imageio.IIOException: Can't create an ImageOutputStream!
at java.desktop/javax.imageio.ImageIO.write(ImageIO.java:1553)
at uiTesting.UITesting.url_Test(UITesting.java:71)
at java.base/java.util.ArrayList.forEach(ArrayList.java:1511)
... Removed 27 stack frames]]>
    </failure>
  </testcase> <!-- url_Test -->
  <testcase classname="uiTesting.UITesting" name="url_Test" time="11.554">
    <failure type="javax.imageio.IIOException" message="Can&amp;apos;t create an ImageOutputStream!">
      <![CDATA[javax.imageio.IIOException: Can't create an ImageOutputStream!
at java.desktop/javax.imageio.ImageIO.write(ImageIO.java:1553)
at uiTesting.UITesting.url_Test(UITesting.java:71)
at java.base/java.util.ArrayList.forEach(ArrayList.java:1511)
... Removed 27 stack frames]]>
    </failure>
  </testcase> <!-- url_Test -->
  <testcase classname="uiTesting.UITesting" name="url_Test" time="16.762">
    <failure type="javax.imageio.IIOException" message="Can&amp;apos;t create an ImageOutputStream!">
      <![CDATA[javax.imageio.IIOException: Can't create an ImageOutputStream!
at java.desktop/javax.imageio.ImageIO.write(ImageIO.java:1553)
at uiTesting.UITesting.url_Test(UITesting.java:71)
at java.base/java.util.ArrayList.forEach(ArrayList.java:1511)
... Removed 27 stack frames]]>
    </failure>
  </testcase> <!-- url_Test -->
</testsuite> <!-- Test1 -->
