<?xml version="1.0" encoding="UTF-8"?>
<testng-results ignored="0" total="1" passed="1" failed="0" skipped="0">
  <reporter-output>
  </reporter-output>
  <suite started-at="2023-03-18T17:41:50 IST" name="Default suite" finished-at="2023-03-18T17:42:06 IST" duration-ms="15886">
    <groups>
    </groups>
    <test started-at="2023-03-18T17:41:50 IST" name="Default test" finished-at="2023-03-18T17:42:06 IST" duration-ms="15886">
      <class name="functionalTesting.FunctionalTesting">
        <test-method signature="ordersTest()[pri:0, instance:functionalTesting.FunctionalTesting@3541cb24]" started-at="2023-03-18T17:41:50 IST" name="ordersTest" finished-at="2023-03-18T17:42:06 IST" duration-ms="15834" status="PASS">
          <reporter-output>
          </reporter-output>
        </test-method> <!-- ordersTest -->
      </class> <!-- functionalTesting.FunctionalTesting -->
    </test> <!-- Default test -->
  </suite> <!-- Default suite -->
</testng-results>
